[2025-05-12 02:57:01] production.ERROR: Database file at path [/home/abdelwahab/ITI/Job Board Project/Back/job_board_laravel/database/database.sqlite] does not exist. Ensure this is an absolute path to the database. (Connection: sqlite, SQL: select exists (select 1 from "main".sqlite_master where name = 'migrations' and type = 'table') as "exists") {"exception":"[object] (Illuminate\\Database\\QueryException(code: 0): Database file at path [/home/abdelwahab/ITI/Job Board Project/Back/job_board_laravel/database/database.sqlite] does not exist. Ensure this is an absolute path to the database. (Connection: sqlite, SQL: select exists (select 1 from \"main\".sqlite_master where name = 'migrations' and type = 'table') as \"exists\") at /home/abdelwahab/ITI/Job Board Project/Back/job_board_laravel/vendor/laravel/framework/src/Illuminate/Database/Connection.php:822)
[stacktrace]
#0 /home/abdelwahab/ITI/Job Board Project/Back/job_board_laravel/vendor/laravel/framework/src/Illuminate/Database/Connection.php(776): Illuminate\\Database\\Connection->runQueryCallback()
#1 /home/abdelwahab/ITI/Job Board Project/Back/job_board_laravel/vendor/laravel/framework/src/Illuminate/Database/Connection.php(395): Illuminate\\Database\\Connection->run()
#2 /home/abdelwahab/ITI/Job Board Project/Back/job_board_laravel/vendor/laravel/framework/src/Illuminate/Database/Connection.php(341): Illuminate\\Database\\Connection->select()
#3 /home/abdelwahab/ITI/Job Board Project/Back/job_board_laravel/vendor/laravel/framework/src/Illuminate/Database/Connection.php(358): Illuminate\\Database\\Connection->selectOne()
#4 /home/abdelwahab/ITI/Job Board Project/Back/job_board_laravel/vendor/laravel/framework/src/Illuminate/Database/Schema/Builder.php(177): Illuminate\\Database\\Connection->scalar()
#5 /home/abdelwahab/ITI/Job Board Project/Back/job_board_laravel/vendor/laravel/framework/src/Illuminate/Database/Migrations/DatabaseMigrationRepository.php(183): Illuminate\\Database\\Schema\\Builder->hasTable()
#6 /home/abdelwahab/ITI/Job Board Project/Back/job_board_laravel/vendor/laravel/framework/src/Illuminate/Database/Migrations/Migrator.php(749): Illuminate\\Database\\Migrations\\DatabaseMigrationRepository->repositoryExists()
#7 /home/abdelwahab/ITI/Job Board Project/Back/job_board_laravel/vendor/laravel/framework/src/Illuminate/Database/Console/Migrations/StatusCommand.php(55): Illuminate\\Database\\Migrations\\Migrator->repositoryExists()
#8 /home/abdelwahab/ITI/Job Board Project/Back/job_board_laravel/vendor/laravel/framework/src/Illuminate/Database/Migrations/Migrator.php(665): Illuminate\\Database\\Console\\Migrations\\StatusCommand->Illuminate\\Database\\Console\\Migrations\\{closure}()
#9 /home/abdelwahab/ITI/Job Board Project/Back/job_board_laravel/vendor/laravel/framework/src/Illuminate/Database/Console/Migrations/StatusCommand.php(54): Illuminate\\Database\\Migrations\\Migrator->usingConnection()
#10 /home/abdelwahab/ITI/Job Board Project/Back/job_board_laravel/vendor/laravel/framework/src/Illuminate/Container/BoundMethod.php(36): Illuminate\\Database\\Console\\Migrations\\StatusCommand->handle()
#11 /home/abdelwahab/ITI/Job Board Project/Back/job_board_laravel/vendor/laravel/framework/src/Illuminate/Container/Util.php(43): Illuminate\\Container\\BoundMethod::Illuminate\\Container\\{closure}()
#12 /home/abdelwahab/ITI/Job Board Project/Back/job_board_laravel/vendor/laravel/framework/src/Illuminate/Container/BoundMethod.php(96): Illuminate\\Container\\Util::unwrapIfClosure()
#13 /home/abdelwahab/ITI/Job Board Project/Back/job_board_laravel/vendor/laravel/framework/src/Illuminate/Container/BoundMethod.php(35): Illuminate\\Container\\BoundMethod::callBoundMethod()
#14 /home/abdelwahab/ITI/Job Board Project/Back/job_board_laravel/vendor/laravel/framework/src/Illuminate/Container/Container.php(754): Illuminate\\Container\\BoundMethod::call()
#15 /home/abdelwahab/ITI/Job Board Project/Back/job_board_laravel/vendor/laravel/framework/src/Illuminate/Console/Command.php(211): Illuminate\\Container\\Container->call()
#16 /home/abdelwahab/ITI/Job Board Project/Back/job_board_laravel/vendor/symfony/console/Command/Command.php(279): Illuminate\\Console\\Command->execute()
#17 /home/abdelwahab/ITI/Job Board Project/Back/job_board_laravel/vendor/laravel/framework/src/Illuminate/Console/Command.php(180): Symfony\\Component\\Console\\Command\\Command->run()
#18 /home/abdelwahab/ITI/Job Board Project/Back/job_board_laravel/vendor/symfony/console/Application.php(1094): Illuminate\\Console\\Command->run()
#19 /home/abdelwahab/ITI/Job Board Project/Back/job_board_laravel/vendor/symfony/console/Application.php(342): Symfony\\Component\\Console\\Application->doRunCommand()
#20 /home/abdelwahab/ITI/Job Board Project/Back/job_board_laravel/vendor/symfony/console/Application.php(193): Symfony\\Component\\Console\\Application->doRun()
#21 /home/abdelwahab/ITI/Job Board Project/Back/job_board_laravel/vendor/laravel/framework/src/Illuminate/Foundation/Console/Kernel.php(197): Symfony\\Component\\Console\\Application->run()
#22 /home/abdelwahab/ITI/Job Board Project/Back/job_board_laravel/vendor/laravel/framework/src/Illuminate/Foundation/Application.php(1234): Illuminate\\Foundation\\Console\\Kernel->handle()
#23 /home/abdelwahab/ITI/Job Board Project/Back/job_board_laravel/artisan(16): Illuminate\\Foundation\\Application->handleCommand()
#24 {main}

[previous exception] [object] (Illuminate\\Database\\SQLiteDatabaseDoesNotExistException(code: 0): Database file at path [/home/abdelwahab/ITI/Job Board Project/Back/job_board_laravel/database/database.sqlite] does not exist. Ensure this is an absolute path to the database. at /home/abdelwahab/ITI/Job Board Project/Back/job_board_laravel/vendor/laravel/framework/src/Illuminate/Database/Connectors/SQLiteConnector.php:59)
[stacktrace]
#0 /home/abdelwahab/ITI/Job Board Project/Back/job_board_laravel/vendor/laravel/framework/src/Illuminate/Database/Connectors/SQLiteConnector.php(19): Illuminate\\Database\\Connectors\\SQLiteConnector->parseDatabasePath()
#1 /home/abdelwahab/ITI/Job Board Project/Back/job_board_laravel/vendor/laravel/framework/src/Illuminate/Database/Connectors/ConnectionFactory.php(223): Illuminate\\Database\\Connectors\\SQLiteConnector->connect()
#2 [internal function]: Illuminate\\Database\\Connectors\\ConnectionFactory->Illuminate\\Database\\Connectors\\{closure}()
#3 /home/abdelwahab/ITI/Job Board Project/Back/job_board_laravel/vendor/laravel/framework/src/Illuminate/Database/Connection.php(1228): call_user_func()
#4 /home/abdelwahab/ITI/Job Board Project/Back/job_board_laravel/vendor/laravel/framework/src/Illuminate/Database/Connection.php(1264): Illuminate\\Database\\Connection->getPdo()
#5 /home/abdelwahab/ITI/Job Board Project/Back/job_board_laravel/vendor/laravel/framework/src/Illuminate/Database/Connection.php(509): Illuminate\\Database\\Connection->getReadPdo()
#6 /home/abdelwahab/ITI/Job Board Project/Back/job_board_laravel/vendor/laravel/framework/src/Illuminate/Database/Connection.php(404): Illuminate\\Database\\Connection->getPdoForSelect()
#7 /home/abdelwahab/ITI/Job Board Project/Back/job_board_laravel/vendor/laravel/framework/src/Illuminate/Database/Connection.php(809): Illuminate\\Database\\Connection->Illuminate\\Database\\{closure}()
#8 /home/abdelwahab/ITI/Job Board Project/Back/job_board_laravel/vendor/laravel/framework/src/Illuminate/Database/Connection.php(776): Illuminate\\Database\\Connection->runQueryCallback()
#9 /home/abdelwahab/ITI/Job Board Project/Back/job_board_laravel/vendor/laravel/framework/src/Illuminate/Database/Connection.php(395): Illuminate\\Database\\Connection->run()
#10 /home/abdelwahab/ITI/Job Board Project/Back/job_board_laravel/vendor/laravel/framework/src/Illuminate/Database/Connection.php(341): Illuminate\\Database\\Connection->select()
#11 /home/abdelwahab/ITI/Job Board Project/Back/job_board_laravel/vendor/laravel/framework/src/Illuminate/Database/Connection.php(358): Illuminate\\Database\\Connection->selectOne()
#12 /home/abdelwahab/ITI/Job Board Project/Back/job_board_laravel/vendor/laravel/framework/src/Illuminate/Database/Schema/Builder.php(177): Illuminate\\Database\\Connection->scalar()
#13 /home/abdelwahab/ITI/Job Board Project/Back/job_board_laravel/vendor/laravel/framework/src/Illuminate/Database/Migrations/DatabaseMigrationRepository.php(183): Illuminate\\Database\\Schema\\Builder->hasTable()
#14 /home/abdelwahab/ITI/Job Board Project/Back/job_board_laravel/vendor/laravel/framework/src/Illuminate/Database/Migrations/Migrator.php(749): Illuminate\\Database\\Migrations\\DatabaseMigrationRepository->repositoryExists()
#15 /home/abdelwahab/ITI/Job Board Project/Back/job_board_laravel/vendor/laravel/framework/src/Illuminate/Database/Console/Migrations/StatusCommand.php(55): Illuminate\\Database\\Migrations\\Migrator->repositoryExists()
#16 /home/abdelwahab/ITI/Job Board Project/Back/job_board_laravel/vendor/laravel/framework/src/Illuminate/Database/Migrations/Migrator.php(665): Illuminate\\Database\\Console\\Migrations\\StatusCommand->Illuminate\\Database\\Console\\Migrations\\{closure}()
#17 /home/abdelwahab/ITI/Job Board Project/Back/job_board_laravel/vendor/laravel/framework/src/Illuminate/Database/Console/Migrations/StatusCommand.php(54): Illuminate\\Database\\Migrations\\Migrator->usingConnection()
#18 /home/abdelwahab/ITI/Job Board Project/Back/job_board_laravel/vendor/laravel/framework/src/Illuminate/Container/BoundMethod.php(36): Illuminate\\Database\\Console\\Migrations\\StatusCommand->handle()
#19 /home/abdelwahab/ITI/Job Board Project/Back/job_board_laravel/vendor/laravel/framework/src/Illuminate/Container/Util.php(43): Illuminate\\Container\\BoundMethod::Illuminate\\Container\\{closure}()
#20 /home/abdelwahab/ITI/Job Board Project/Back/job_board_laravel/vendor/laravel/framework/src/Illuminate/Container/BoundMethod.php(96): Illuminate\\Container\\Util::unwrapIfClosure()
#21 /home/abdelwahab/ITI/Job Board Project/Back/job_board_laravel/vendor/laravel/framework/src/Illuminate/Container/BoundMethod.php(35): Illuminate\\Container\\BoundMethod::callBoundMethod()
#22 /home/abdelwahab/ITI/Job Board Project/Back/job_board_laravel/vendor/laravel/framework/src/Illuminate/Container/Container.php(754): Illuminate\\Container\\BoundMethod::call()
#23 /home/abdelwahab/ITI/Job Board Project/Back/job_board_laravel/vendor/laravel/framework/src/Illuminate/Console/Command.php(211): Illuminate\\Container\\Container->call()
#24 /home/abdelwahab/ITI/Job Board Project/Back/job_board_laravel/vendor/symfony/console/Command/Command.php(279): Illuminate\\Console\\Command->execute()
#25 /home/abdelwahab/ITI/Job Board Project/Back/job_board_laravel/vendor/laravel/framework/src/Illuminate/Console/Command.php(180): Symfony\\Component\\Console\\Command\\Command->run()
#26 /home/abdelwahab/ITI/Job Board Project/Back/job_board_laravel/vendor/symfony/console/Application.php(1094): Illuminate\\Console\\Command->run()
#27 /home/abdelwahab/ITI/Job Board Project/Back/job_board_laravel/vendor/symfony/console/Application.php(342): Symfony\\Component\\Console\\Application->doRunCommand()
#28 /home/abdelwahab/ITI/Job Board Project/Back/job_board_laravel/vendor/symfony/console/Application.php(193): Symfony\\Component\\Console\\Application->doRun()
#29 /home/abdelwahab/ITI/Job Board Project/Back/job_board_laravel/vendor/laravel/framework/src/Illuminate/Foundation/Console/Kernel.php(197): Symfony\\Component\\Console\\Application->run()
#30 /home/abdelwahab/ITI/Job Board Project/Back/job_board_laravel/vendor/laravel/framework/src/Illuminate/Foundation/Application.php(1234): Illuminate\\Foundation\\Console\\Kernel->handle()
#31 /home/abdelwahab/ITI/Job Board Project/Back/job_board_laravel/artisan(16): Illuminate\\Foundation\\Application->handleCommand()
#32 {main}
"} 
